<?xml version="1.0" encoding="UTF-8"?><testrun name="TestRunner" project="TA_Training" tests="11" started="11" failures="0" errors="2" ignored="0">
  <testsuite name="runners.TestRunner" time="33.512">
    <testsuite name="SOFLAB TA Framework training" time="33.512">
      <testsuite name="Create an acount and buy something using test file" time="33.512" incomplete="true">
        <error>org.openqa.selenium.json.JsonException: java.lang.reflect.InvocationTargetException
Build info: version: '3.141.59', revision: 'e82be7d358', time: '2018-11-14T08:17:03'
System info: host: 'SFL001341', ip: '192.168.0.139', os.name: 'Windows 10', os.arch: 'amd64', os.version: '10.0', java.version: '14.0.2'
Driver info: driver.version: RemoteWebDriver&#13;
	at org.openqa.selenium.json.JsonOutput.convertUsingMethod(JsonOutput.java:332)&#13;
	at org.openqa.selenium.json.JsonOutput.lambda$new$16(JsonOutput.java:155)&#13;
	at org.openqa.selenium.json.JsonOutput.write(JsonOutput.java:264)&#13;
	at org.openqa.selenium.json.JsonOutput.lambda$null$21(JsonOutput.java:168)&#13;
	at java.base/java.util.LinkedHashMap$LinkedValues.forEach(LinkedHashMap.java:647)&#13;
	at org.openqa.selenium.json.JsonOutput.lambda$new$22(JsonOutput.java:168)&#13;
	at org.openqa.selenium.json.JsonOutput.write(JsonOutput.java:264)&#13;
	at org.openqa.selenium.json.JsonOutput.lambda$null$23(JsonOutput.java:177)&#13;
	at com.google.common.collect.SingletonImmutableBiMap.forEach(SingletonImmutableBiMap.java:65)&#13;
	at org.openqa.selenium.json.JsonOutput.lambda$new$24(JsonOutput.java:176)&#13;
	at org.openqa.selenium.json.JsonOutput.write(JsonOutput.java:264)&#13;
	at org.openqa.selenium.json.JsonOutput.write(JsonOutput.java:255)&#13;
	at org.openqa.selenium.json.Json.toJson(Json.java:42)&#13;
	at org.openqa.selenium.remote.http.AbstractHttpCommandCodec.encode(AbstractHttpCommandCodec.java:227)&#13;
	at org.openqa.selenium.remote.http.AbstractHttpCommandCodec.encode(AbstractHttpCommandCodec.java:117)&#13;
	at org.openqa.selenium.remote.HttpCommandExecutor.execute(HttpCommandExecutor.java:152)&#13;
	at org.openqa.selenium.remote.service.DriverCommandExecutor.execute(DriverCommandExecutor.java:83)&#13;
	at org.openqa.selenium.remote.RemoteWebDriver.execute(RemoteWebDriver.java:552)&#13;
	at org.openqa.selenium.remote.RemoteWebDriver.perform(RemoteWebDriver.java:618)&#13;
	at org.openqa.selenium.interactions.Actions$BuiltAction.perform(Actions.java:639)&#13;
	at pageObject.HomePage.click_CasualDresses(HomePage.java:245)&#13;
	at stepDefinitions.HomeSteps.enter_the_casual_dresses_category(HomeSteps.java:144)&#13;
	at âœ½.enter the casual dresses category(file:///C:/Users/p_smandzich/Desktop/Cucumber/TA_Training/src/test/resources/funcionalTests/training.feature:82)&#13;
	Suppressed: org.openqa.selenium.json.JsonException: Attempting to close incomplete json stream
Build info: version: '3.141.59', revision: 'e82be7d358', time: '2018-11-14T08:17:03'
System info: host: 'SFL001341', ip: '192.168.0.139', os.name: 'Windows 10', os.arch: 'amd64', os.version: '10.0', java.version: '14.0.2'
Driver info: driver.version: RemoteWebDriver&#13;
		at org.openqa.selenium.json.JsonOutput.close(JsonOutput.java:279)&#13;
		at org.openqa.selenium.json.Json.toJson(Json.java:44)&#13;
		at org.openqa.selenium.remote.http.AbstractHttpCommandCodec.encode(AbstractHttpCommandCodec.java:227)&#13;
		at org.openqa.selenium.remote.http.AbstractHttpCommandCodec.encode(AbstractHttpCommandCodec.java:117)&#13;
		at org.openqa.selenium.remote.HttpCommandExecutor.execute(HttpCommandExecutor.java:152)&#13;
		at org.openqa.selenium.remote.service.DriverCommandExecutor.execute(DriverCommandExecutor.java:83)&#13;
		at org.openqa.selenium.remote.RemoteWebDriver.execute(RemoteWebDriver.java:552)&#13;
		at org.openqa.selenium.remote.RemoteWebDriver.perform(RemoteWebDriver.java:618)&#13;
		at org.openqa.selenium.interactions.Actions$BuiltAction.perform(Actions.java:639)&#13;
		at pageObject.HomePage.click_CasualDresses(HomePage.java:245)&#13;
		at stepDefinitions.HomeSteps.enter_the_casual_dresses_category(HomeSteps.java:144)&#13;
		at java.base/jdk.internal.reflect.NativeMethodAccessorImpl.invoke0(Native Method)&#13;
		at java.base/jdk.internal.reflect.NativeMethodAccessorImpl.invoke(NativeMethodAccessorImpl.java:62)&#13;
		at java.base/jdk.internal.reflect.DelegatingMethodAccessorImpl.invoke(DelegatingMethodAccessorImpl.java:43)&#13;
		at java.base/java.lang.reflect.Method.invoke(Method.java:564)&#13;
		at io.cucumber.java.Invoker.doInvoke(Invoker.java:66)&#13;
		at io.cucumber.java.Invoker.invoke(Invoker.java:24)&#13;
		at io.cucumber.java.AbstractGlueDefinition.invokeMethod(AbstractGlueDefinition.java:47)&#13;
		at io.cucumber.java.JavaStepDefinition.execute(JavaStepDefinition.java:29)&#13;
		at io.cucumber.core.runner.CoreStepDefinition.execute(CoreStepDefinition.java:66)&#13;
		at io.cucumber.core.runner.PickleStepDefinitionMatch.runStep(PickleStepDefinitionMatch.java:63)&#13;
		at io.cucumber.core.runner.TestStep.executeStep(TestStep.java:92)&#13;
		at io.cucumber.core.runner.TestStep.run(TestStep.java:63)&#13;
		at io.cucumber.core.runner.PickleStepTestStep.run(PickleStepTestStep.java:49)&#13;
		at io.cucumber.core.runner.TestCase.run(TestCase.java:99)&#13;
		at io.cucumber.core.runner.Runner.runPickle(Runner.java:71)&#13;
		at io.cucumber.junit.PickleRunners$WithStepDescriptions.run(PickleRunners.java:110)&#13;
		at io.cucumber.junit.FeatureRunner.runChild(FeatureRunner.java:135)&#13;
		at io.cucumber.junit.FeatureRunner.runChild(FeatureRunner.java:27)&#13;
		at org.junit.runners.ParentRunner$3.run(ParentRunner.java:238)&#13;
		at org.junit.runners.ParentRunner$1.schedule(ParentRunner.java:63)&#13;
		at org.junit.runners.ParentRunner.runChildren(ParentRunner.java:236)&#13;
		at org.junit.runners.ParentRunner.access$000(ParentRunner.java:53)&#13;
		at org.junit.runners.ParentRunner$2.evaluate(ParentRunner.java:229)&#13;
		at org.junit.runners.ParentRunner.run(ParentRunner.java:309)&#13;
		at io.cucumber.junit.Cucumber.runChild(Cucumber.java:199)&#13;
		at io.cucumber.junit.Cucumber.runChild(Cucumber.java:90)&#13;
		at org.junit.runners.ParentRunner$3.run(ParentRunner.java:238)&#13;
		at org.junit.runners.ParentRunner$1.schedule(ParentRunner.java:63)&#13;
		at org.junit.runners.ParentRunner.runChildren(ParentRunner.java:236)&#13;
		at org.junit.runners.ParentRunner.access$000(ParentRunner.java:53)&#13;
		at org.junit.runners.ParentRunner$2.evaluate(ParentRunner.java:229)&#13;
		at io.cucumber.junit.Cucumber$RunCucumber.evaluate(Cucumber.java:234)&#13;
		at org.junit.runners.ParentRunner.run(ParentRunner.java:309)&#13;
		at org.eclipse.jdt.internal.junit4.runner.JUnit4TestReference.run(JUnit4TestReference.java:89)&#13;
		at org.eclipse.jdt.internal.junit.runner.TestExecution.run(TestExecution.java:41)&#13;
		at org.eclipse.jdt.internal.junit.runner.RemoteTestRunner.runTests(RemoteTestRunner.java:542)&#13;
		at org.eclipse.jdt.internal.junit.runner.RemoteTestRunner.runTests(RemoteTestRunner.java:770)&#13;
		at org.eclipse.jdt.internal.junit.runner.RemoteTestRunner.run(RemoteTestRunner.java:464)&#13;
		at org.eclipse.jdt.internal.junit.runner.RemoteTestRunner.main(RemoteTestRunner.java:210)&#13;
Caused by: java.lang.reflect.InvocationTargetException&#13;
	at java.base/jdk.internal.reflect.NativeMethodAccessorImpl.invoke0(Native Method)&#13;
	at java.base/jdk.internal.reflect.NativeMethodAccessorImpl.invoke(NativeMethodAccessorImpl.java:62)&#13;
	at java.base/jdk.internal.reflect.DelegatingMethodAccessorImpl.invoke(DelegatingMethodAccessorImpl.java:43)&#13;
	at java.base/java.lang.reflect.Method.invoke(Method.java:564)&#13;
	at org.openqa.selenium.json.JsonOutput.convertUsingMethod(JsonOutput.java:328)&#13;
	at org.openqa.selenium.json.JsonOutput.lambda$new$16(JsonOutput.java:155)&#13;
	at org.openqa.selenium.json.JsonOutput.write(JsonOutput.java:264)&#13;
	at org.openqa.selenium.json.JsonOutput.lambda$null$21(JsonOutput.java:168)&#13;
	at java.base/java.util.LinkedHashMap$LinkedValues.forEach(LinkedHashMap.java:647)&#13;
	at org.openqa.selenium.json.JsonOutput.lambda$new$22(JsonOutput.java:168)&#13;
	at org.openqa.selenium.json.JsonOutput.write(JsonOutput.java:264)&#13;
	at org.openqa.selenium.json.JsonOutput.lambda$null$23(JsonOutput.java:177)&#13;
	at com.google.common.collect.SingletonImmutableBiMap.forEach(SingletonImmutableBiMap.java:65)&#13;
	at org.openqa.selenium.json.JsonOutput.lambda$new$24(JsonOutput.java:176)&#13;
	at org.openqa.selenium.json.JsonOutput.write(JsonOutput.java:264)&#13;
	at org.openqa.selenium.json.JsonOutput.write(JsonOutput.java:255)&#13;
	at org.openqa.selenium.json.Json.toJson(Json.java:42)&#13;
	at org.openqa.selenium.remote.http.AbstractHttpCommandCodec.encode(AbstractHttpCommandCodec.java:227)&#13;
	at org.openqa.selenium.remote.http.AbstractHttpCommandCodec.encode(AbstractHttpCommandCodec.java:117)&#13;
	at org.openqa.selenium.remote.HttpCommandExecutor.execute(HttpCommandExecutor.java:152)&#13;
	at org.openqa.selenium.remote.service.DriverCommandExecutor.execute(DriverCommandExecutor.java:83)&#13;
	at org.openqa.selenium.remote.RemoteWebDriver.execute(RemoteWebDriver.java:552)&#13;
	at org.openqa.selenium.remote.RemoteWebDriver.perform(RemoteWebDriver.java:618)&#13;
	at org.openqa.selenium.interactions.Actions$BuiltAction.perform(Actions.java:639)&#13;
	at pageObject.HomePage.click_CasualDresses(HomePage.java:245)&#13;
	at stepDefinitions.HomeSteps.enter_the_casual_dresses_category(HomeSteps.java:144)&#13;
	at java.base/jdk.internal.reflect.NativeMethodAccessorImpl.invoke0(Native Method)&#13;
	at java.base/jdk.internal.reflect.NativeMethodAccessorImpl.invoke(NativeMethodAccessorImpl.java:62)&#13;
	at java.base/jdk.internal.reflect.DelegatingMethodAccessorImpl.invoke(DelegatingMethodAccessorImpl.java:43)&#13;
	at java.base/java.lang.reflect.Method.invoke(Method.java:564)&#13;
	at io.cucumber.java.Invoker.doInvoke(Invoker.java:66)&#13;
	at io.cucumber.java.Invoker.invoke(Invoker.java:24)&#13;
	at io.cucumber.java.AbstractGlueDefinition.invokeMethod(AbstractGlueDefinition.java:47)&#13;
	at io.cucumber.java.JavaStepDefinition.execute(JavaStepDefinition.java:29)&#13;
	at io.cucumber.core.runner.CoreStepDefinition.execute(CoreStepDefinition.java:66)&#13;
	at io.cucumber.core.runner.PickleStepDefinitionMatch.runStep(PickleStepDefinitionMatch.java:63)&#13;
	at io.cucumber.core.runner.TestStep.executeStep(TestStep.java:92)&#13;
	at io.cucumber.core.runner.TestStep.run(TestStep.java:63)&#13;
	at io.cucumber.core.runner.PickleStepTestStep.run(PickleStepTestStep.java:49)&#13;
	at io.cucumber.core.runner.TestCase.run(TestCase.java:99)&#13;
	at io.cucumber.core.runner.Runner.runPickle(Runner.java:71)&#13;
	at io.cucumber.junit.PickleRunners$WithStepDescriptions.run(PickleRunners.java:110)&#13;
	at io.cucumber.junit.FeatureRunner.runChild(FeatureRunner.java:135)&#13;
	at io.cucumber.junit.FeatureRunner.runChild(FeatureRunner.java:27)&#13;
	at org.junit.runners.ParentRunner$3.run(ParentRunner.java:238)&#13;
	at org.junit.runners.ParentRunner$1.schedule(ParentRunner.java:63)&#13;
	at org.junit.runners.ParentRunner.runChildren(ParentRunner.java:236)&#13;
	at org.junit.runners.ParentRunner.access$000(ParentRunner.java:53)&#13;
	at org.junit.runners.ParentRunner$2.evaluate(ParentRunner.java:229)&#13;
	at org.junit.runners.ParentRunner.run(ParentRunner.java:309)&#13;
	at io.cucumber.junit.Cucumber.runChild(Cucumber.java:199)&#13;
	at io.cucumber.junit.Cucumber.runChild(Cucumber.java:90)&#13;
	at org.junit.runners.ParentRunner$3.run(ParentRunner.java:238)&#13;
	at org.junit.runners.ParentRunner$1.schedule(ParentRunner.java:63)&#13;
	at org.junit.runners.ParentRunner.runChildren(ParentRunner.java:236)&#13;
	at org.junit.runners.ParentRunner.access$000(ParentRunner.java:53)&#13;
	at org.junit.runners.ParentRunner$2.evaluate(ParentRunner.java:229)&#13;
	at io.cucumber.junit.Cucumber$RunCucumber.evaluate(Cucumber.java:234)&#13;
	at org.junit.runners.ParentRunner.run(ParentRunner.java:309)&#13;
	at org.eclipse.jdt.internal.junit4.runner.JUnit4TestReference.run(JUnit4TestReference.java:89)&#13;
	at org.eclipse.jdt.internal.junit.runner.TestExecution.run(TestExecution.java:41)&#13;
	at org.eclipse.jdt.internal.junit.runner.RemoteTestRunner.runTests(RemoteTestRunner.java:542)&#13;
	at org.eclipse.jdt.internal.junit.runner.RemoteTestRunner.runTests(RemoteTestRunner.java:770)&#13;
	at org.eclipse.jdt.internal.junit.runner.RemoteTestRunner.run(RemoteTestRunner.java:464)&#13;
	at org.eclipse.jdt.internal.junit.runner.RemoteTestRunner.main(RemoteTestRunner.java:210)&#13;
Caused by: org.openqa.selenium.NoSuchElementException: no such element: Unable to locate element: {"method":"css selector","selector":"[title='Casual Dresses'][style='']"}
  (Session info: chrome=85.0.4183.102)
For documentation on this error, please visit: https://www.seleniumhq.org/exceptions/no_such_element.html
Build info: version: '3.141.59', revision: 'e82be7d358', time: '2018-11-14T08:17:03'
System info: host: 'SFL001341', ip: '192.168.0.139', os.name: 'Windows 10', os.arch: 'amd64', os.version: '10.0', java.version: '14.0.2'
Driver info: org.openqa.selenium.chrome.ChromeDriver
Capabilities {acceptInsecureCerts: false, browserName: chrome, browserVersion: 85.0.4183.102, chrome: {chromedriverVersion: 85.0.4183.87 (cd6713ebf92fa..., userDataDir: C:\Users\P_SMAN~1\AppData\L...}, goog:chromeOptions: {debuggerAddress: localhost:49652}, javascriptEnabled: true, networkConnectionEnabled: false, pageLoadStrategy: normal, platform: WINDOWS, platformName: WINDOWS, proxy: Proxy(), setWindowRect: true, strictFileInteractability: false, timeouts: {implicit: 0, pageLoad: 300000, script: 30000}, unhandledPromptBehavior: dismiss and notify, webauthn:virtualAuthenticators: true}
Session ID: fe98f282a0735316117359c9f47c951f
*** Element info: {Using=css selector, value=[title='Casual Dresses'][style='']}&#13;
	at java.base/jdk.internal.reflect.NativeConstructorAccessorImpl.newInstance0(Native Method)&#13;
	at java.base/jdk.internal.reflect.NativeConstructorAccessorImpl.newInstance(NativeConstructorAccessorImpl.java:62)&#13;
	at java.base/jdk.internal.reflect.DelegatingConstructorAccessorImpl.newInstance(DelegatingConstructorAccessorImpl.java:45)&#13;
	at java.base/java.lang.reflect.Constructor.newInstanceWithCaller(Constructor.java:500)&#13;
	at java.base/java.lang.reflect.Constructor.newInstance(Constructor.java:481)&#13;
	at org.openqa.selenium.remote.http.W3CHttpResponseCodec.createException(W3CHttpResponseCodec.java:187)&#13;
	at org.openqa.selenium.remote.http.W3CHttpResponseCodec.decode(W3CHttpResponseCodec.java:122)&#13;
	at org.openqa.selenium.remote.http.W3CHttpResponseCodec.decode(W3CHttpResponseCodec.java:49)&#13;
	at org.openqa.selenium.remote.HttpCommandExecutor.execute(HttpCommandExecutor.java:158)&#13;
	at org.openqa.selenium.remote.service.DriverCommandExecutor.execute(DriverCommandExecutor.java:83)&#13;
	at org.openqa.selenium.remote.RemoteWebDriver.execute(RemoteWebDriver.java:552)&#13;
	at org.openqa.selenium.remote.RemoteWebDriver.findElement(RemoteWebDriver.java:323)&#13;
	at org.openqa.selenium.remote.RemoteWebDriver.findElementByCssSelector(RemoteWebDriver.java:420)&#13;
	at org.openqa.selenium.By$ByCssSelector.findElement(By.java:431)&#13;
	at org.openqa.selenium.remote.RemoteWebDriver.findElement(RemoteWebDriver.java:315)&#13;
	at org.openqa.selenium.support.pagefactory.DefaultElementLocator.findElement(DefaultElementLocator.java:69)&#13;
	at org.openqa.selenium.support.pagefactory.internal.LocatingElementHandler.invoke(LocatingElementHandler.java:38)&#13;
	at com.sun.proxy.$Proxy18.getWrappedElement(Unknown Source)&#13;
	at org.openqa.selenium.interactions.PointerInput$Origin.asArg(PointerInput.java:204)&#13;
	at org.openqa.selenium.interactions.PointerInput$Move.encode(PointerInput.java:155)&#13;
	at org.openqa.selenium.interactions.Sequence.encode(Sequence.java:75)&#13;
	at org.openqa.selenium.interactions.Sequence.toJson(Sequence.java:84)&#13;
	... 65 more&#13;
&#13;
</error>
        <testcase name="user is on Home Page" classname="Create an acount and buy something using test file" time="5.397"/>
        <testcase name="enter Sign in" classname="Create an acount and buy something using test file" time="1.474"/>
        <testcase name="enter email to create an account" classname="Create an acount and buy something using test file" time="0.535"/>
        <testcase name="click Create an account" classname="Create an acount and buy something using test file" time="0.092"/>
        <testcase name="enter &quot;Adam&quot; to create a account" classname="Create an acount and buy something using test file" time="3.213"/>
        <testcase name="enter the t-shirt category" classname="Create an acount and buy something using test file" time="2.051"/>
        <testcase name="add to cart a &quot;Adam&quot; t-shirt" classname="Create an acount and buy something using test file" time="10.656"/>
        <testcase name="enter the casual dresses category" classname="Create an acount and buy something using test file" time="10.087">
          <error>org.openqa.selenium.json.JsonException: java.lang.reflect.InvocationTargetException
Build info: version: '3.141.59', revision: 'e82be7d358', time: '2018-11-14T08:17:03'
System info: host: 'SFL001341', ip: '192.168.0.139', os.name: 'Windows 10', os.arch: 'amd64', os.version: '10.0', java.version: '14.0.2'
Driver info: driver.version: RemoteWebDriver&#13;
	at org.openqa.selenium.json.JsonOutput.convertUsingMethod(JsonOutput.java:332)&#13;
	at org.openqa.selenium.json.JsonOutput.lambda$new$16(JsonOutput.java:155)&#13;
	at org.openqa.selenium.json.JsonOutput.write(JsonOutput.java:264)&#13;
	at org.openqa.selenium.json.JsonOutput.lambda$null$21(JsonOutput.java:168)&#13;
	at java.base/java.util.LinkedHashMap$LinkedValues.forEach(LinkedHashMap.java:647)&#13;
	at org.openqa.selenium.json.JsonOutput.lambda$new$22(JsonOutput.java:168)&#13;
	at org.openqa.selenium.json.JsonOutput.write(JsonOutput.java:264)&#13;
	at org.openqa.selenium.json.JsonOutput.lambda$null$23(JsonOutput.java:177)&#13;
	at com.google.common.collect.SingletonImmutableBiMap.forEach(SingletonImmutableBiMap.java:65)&#13;
	at org.openqa.selenium.json.JsonOutput.lambda$new$24(JsonOutput.java:176)&#13;
	at org.openqa.selenium.json.JsonOutput.write(JsonOutput.java:264)&#13;
	at org.openqa.selenium.json.JsonOutput.write(JsonOutput.java:255)&#13;
	at org.openqa.selenium.json.Json.toJson(Json.java:42)&#13;
	at org.openqa.selenium.remote.http.AbstractHttpCommandCodec.encode(AbstractHttpCommandCodec.java:227)&#13;
	at org.openqa.selenium.remote.http.AbstractHttpCommandCodec.encode(AbstractHttpCommandCodec.java:117)&#13;
	at org.openqa.selenium.remote.HttpCommandExecutor.execute(HttpCommandExecutor.java:152)&#13;
	at org.openqa.selenium.remote.service.DriverCommandExecutor.execute(DriverCommandExecutor.java:83)&#13;
	at org.openqa.selenium.remote.RemoteWebDriver.execute(RemoteWebDriver.java:552)&#13;
	at org.openqa.selenium.remote.RemoteWebDriver.perform(RemoteWebDriver.java:618)&#13;
	at org.openqa.selenium.interactions.Actions$BuiltAction.perform(Actions.java:639)&#13;
	at pageObject.HomePage.click_CasualDresses(HomePage.java:245)&#13;
	at stepDefinitions.HomeSteps.enter_the_casual_dresses_category(HomeSteps.java:144)&#13;
	at âœ½.enter the casual dresses category(file:///C:/Users/p_smandzich/Desktop/Cucumber/TA_Training/src/test/resources/funcionalTests/training.feature:82)&#13;
	Suppressed: org.openqa.selenium.json.JsonException: Attempting to close incomplete json stream
Build info: version: '3.141.59', revision: 'e82be7d358', time: '2018-11-14T08:17:03'
System info: host: 'SFL001341', ip: '192.168.0.139', os.name: 'Windows 10', os.arch: 'amd64', os.version: '10.0', java.version: '14.0.2'
Driver info: driver.version: RemoteWebDriver&#13;
		at org.openqa.selenium.json.JsonOutput.close(JsonOutput.java:279)&#13;
		at org.openqa.selenium.json.Json.toJson(Json.java:44)&#13;
		at org.openqa.selenium.remote.http.AbstractHttpCommandCodec.encode(AbstractHttpCommandCodec.java:227)&#13;
		at org.openqa.selenium.remote.http.AbstractHttpCommandCodec.encode(AbstractHttpCommandCodec.java:117)&#13;
		at org.openqa.selenium.remote.HttpCommandExecutor.execute(HttpCommandExecutor.java:152)&#13;
		at org.openqa.selenium.remote.service.DriverCommandExecutor.execute(DriverCommandExecutor.java:83)&#13;
		at org.openqa.selenium.remote.RemoteWebDriver.execute(RemoteWebDriver.java:552)&#13;
		at org.openqa.selenium.remote.RemoteWebDriver.perform(RemoteWebDriver.java:618)&#13;
		at org.openqa.selenium.interactions.Actions$BuiltAction.perform(Actions.java:639)&#13;
		at pageObject.HomePage.click_CasualDresses(HomePage.java:245)&#13;
		at stepDefinitions.HomeSteps.enter_the_casual_dresses_category(HomeSteps.java:144)&#13;
		at java.base/jdk.internal.reflect.NativeMethodAccessorImpl.invoke0(Native Method)&#13;
		at java.base/jdk.internal.reflect.NativeMethodAccessorImpl.invoke(NativeMethodAccessorImpl.java:62)&#13;
		at java.base/jdk.internal.reflect.DelegatingMethodAccessorImpl.invoke(DelegatingMethodAccessorImpl.java:43)&#13;
		at java.base/java.lang.reflect.Method.invoke(Method.java:564)&#13;
		at io.cucumber.java.Invoker.doInvoke(Invoker.java:66)&#13;
		at io.cucumber.java.Invoker.invoke(Invoker.java:24)&#13;
		at io.cucumber.java.AbstractGlueDefinition.invokeMethod(AbstractGlueDefinition.java:47)&#13;
		at io.cucumber.java.JavaStepDefinition.execute(JavaStepDefinition.java:29)&#13;
		at io.cucumber.core.runner.CoreStepDefinition.execute(CoreStepDefinition.java:66)&#13;
		at io.cucumber.core.runner.PickleStepDefinitionMatch.runStep(PickleStepDefinitionMatch.java:63)&#13;
		at io.cucumber.core.runner.TestStep.executeStep(TestStep.java:92)&#13;
		at io.cucumber.core.runner.TestStep.run(TestStep.java:63)&#13;
		at io.cucumber.core.runner.PickleStepTestStep.run(PickleStepTestStep.java:49)&#13;
		at io.cucumber.core.runner.TestCase.run(TestCase.java:99)&#13;
		at io.cucumber.core.runner.Runner.runPickle(Runner.java:71)&#13;
		at io.cucumber.junit.PickleRunners$WithStepDescriptions.run(PickleRunners.java:110)&#13;
		at io.cucumber.junit.FeatureRunner.runChild(FeatureRunner.java:135)&#13;
		at io.cucumber.junit.FeatureRunner.runChild(FeatureRunner.java:27)&#13;
		at org.junit.runners.ParentRunner$3.run(ParentRunner.java:238)&#13;
		at org.junit.runners.ParentRunner$1.schedule(ParentRunner.java:63)&#13;
		at org.junit.runners.ParentRunner.runChildren(ParentRunner.java:236)&#13;
		at org.junit.runners.ParentRunner.access$000(ParentRunner.java:53)&#13;
		at org.junit.runners.ParentRunner$2.evaluate(ParentRunner.java:229)&#13;
		at org.junit.runners.ParentRunner.run(ParentRunner.java:309)&#13;
		at io.cucumber.junit.Cucumber.runChild(Cucumber.java:199)&#13;
		at io.cucumber.junit.Cucumber.runChild(Cucumber.java:90)&#13;
		at org.junit.runners.ParentRunner$3.run(ParentRunner.java:238)&#13;
		at org.junit.runners.ParentRunner$1.schedule(ParentRunner.java:63)&#13;
		at org.junit.runners.ParentRunner.runChildren(ParentRunner.java:236)&#13;
		at org.junit.runners.ParentRunner.access$000(ParentRunner.java:53)&#13;
		at org.junit.runners.ParentRunner$2.evaluate(ParentRunner.java:229)&#13;
		at io.cucumber.junit.Cucumber$RunCucumber.evaluate(Cucumber.java:234)&#13;
		at org.junit.runners.ParentRunner.run(ParentRunner.java:309)&#13;
		at org.eclipse.jdt.internal.junit4.runner.JUnit4TestReference.run(JUnit4TestReference.java:89)&#13;
		at org.eclipse.jdt.internal.junit.runner.TestExecution.run(TestExecution.java:41)&#13;
		at org.eclipse.jdt.internal.junit.runner.RemoteTestRunner.runTests(RemoteTestRunner.java:542)&#13;
		at org.eclipse.jdt.internal.junit.runner.RemoteTestRunner.runTests(RemoteTestRunner.java:770)&#13;
		at org.eclipse.jdt.internal.junit.runner.RemoteTestRunner.run(RemoteTestRunner.java:464)&#13;
		at org.eclipse.jdt.internal.junit.runner.RemoteTestRunner.main(RemoteTestRunner.java:210)&#13;
Caused by: java.lang.reflect.InvocationTargetException&#13;
	at java.base/jdk.internal.reflect.NativeMethodAccessorImpl.invoke0(Native Method)&#13;
	at java.base/jdk.internal.reflect.NativeMethodAccessorImpl.invoke(NativeMethodAccessorImpl.java:62)&#13;
	at java.base/jdk.internal.reflect.DelegatingMethodAccessorImpl.invoke(DelegatingMethodAccessorImpl.java:43)&#13;
	at java.base/java.lang.reflect.Method.invoke(Method.java:564)&#13;
	at org.openqa.selenium.json.JsonOutput.convertUsingMethod(JsonOutput.java:328)&#13;
	at org.openqa.selenium.json.JsonOutput.lambda$new$16(JsonOutput.java:155)&#13;
	at org.openqa.selenium.json.JsonOutput.write(JsonOutput.java:264)&#13;
	at org.openqa.selenium.json.JsonOutput.lambda$null$21(JsonOutput.java:168)&#13;
	at java.base/java.util.LinkedHashMap$LinkedValues.forEach(LinkedHashMap.java:647)&#13;
	at org.openqa.selenium.json.JsonOutput.lambda$new$22(JsonOutput.java:168)&#13;
	at org.openqa.selenium.json.JsonOutput.write(JsonOutput.java:264)&#13;
	at org.openqa.selenium.json.JsonOutput.lambda$null$23(JsonOutput.java:177)&#13;
	at com.google.common.collect.SingletonImmutableBiMap.forEach(SingletonImmutableBiMap.java:65)&#13;
	at org.openqa.selenium.json.JsonOutput.lambda$new$24(JsonOutput.java:176)&#13;
	at org.openqa.selenium.json.JsonOutput.write(JsonOutput.java:264)&#13;
	at org.openqa.selenium.json.JsonOutput.write(JsonOutput.java:255)&#13;
	at org.openqa.selenium.json.Json.toJson(Json.java:42)&#13;
	at org.openqa.selenium.remote.http.AbstractHttpCommandCodec.encode(AbstractHttpCommandCodec.java:227)&#13;
	at org.openqa.selenium.remote.http.AbstractHttpCommandCodec.encode(AbstractHttpCommandCodec.java:117)&#13;
	at org.openqa.selenium.remote.HttpCommandExecutor.execute(HttpCommandExecutor.java:152)&#13;
	at org.openqa.selenium.remote.service.DriverCommandExecutor.execute(DriverCommandExecutor.java:83)&#13;
	at org.openqa.selenium.remote.RemoteWebDriver.execute(RemoteWebDriver.java:552)&#13;
	at org.openqa.selenium.remote.RemoteWebDriver.perform(RemoteWebDriver.java:618)&#13;
	at org.openqa.selenium.interactions.Actions$BuiltAction.perform(Actions.java:639)&#13;
	at pageObject.HomePage.click_CasualDresses(HomePage.java:245)&#13;
	at stepDefinitions.HomeSteps.enter_the_casual_dresses_category(HomeSteps.java:144)&#13;
	at java.base/jdk.internal.reflect.NativeMethodAccessorImpl.invoke0(Native Method)&#13;
	at java.base/jdk.internal.reflect.NativeMethodAccessorImpl.invoke(NativeMethodAccessorImpl.java:62)&#13;
	at java.base/jdk.internal.reflect.DelegatingMethodAccessorImpl.invoke(DelegatingMethodAccessorImpl.java:43)&#13;
	at java.base/java.lang.reflect.Method.invoke(Method.java:564)&#13;
	at io.cucumber.java.Invoker.doInvoke(Invoker.java:66)&#13;
	at io.cucumber.java.Invoker.invoke(Invoker.java:24)&#13;
	at io.cucumber.java.AbstractGlueDefinition.invokeMethod(AbstractGlueDefinition.java:47)&#13;
	at io.cucumber.java.JavaStepDefinition.execute(JavaStepDefinition.java:29)&#13;
	at io.cucumber.core.runner.CoreStepDefinition.execute(CoreStepDefinition.java:66)&#13;
	at io.cucumber.core.runner.PickleStepDefinitionMatch.runStep(PickleStepDefinitionMatch.java:63)&#13;
	at io.cucumber.core.runner.TestStep.executeStep(TestStep.java:92)&#13;
	at io.cucumber.core.runner.TestStep.run(TestStep.java:63)&#13;
	at io.cucumber.core.runner.PickleStepTestStep.run(PickleStepTestStep.java:49)&#13;
	at io.cucumber.core.runner.TestCase.run(TestCase.java:99)&#13;
	at io.cucumber.core.runner.Runner.runPickle(Runner.java:71)&#13;
	at io.cucumber.junit.PickleRunners$WithStepDescriptions.run(PickleRunners.java:110)&#13;
	at io.cucumber.junit.FeatureRunner.runChild(FeatureRunner.java:135)&#13;
	at io.cucumber.junit.FeatureRunner.runChild(FeatureRunner.java:27)&#13;
	at org.junit.runners.ParentRunner$3.run(ParentRunner.java:238)&#13;
	at org.junit.runners.ParentRunner$1.schedule(ParentRunner.java:63)&#13;
	at org.junit.runners.ParentRunner.runChildren(ParentRunner.java:236)&#13;
	at org.junit.runners.ParentRunner.access$000(ParentRunner.java:53)&#13;
	at org.junit.runners.ParentRunner$2.evaluate(ParentRunner.java:229)&#13;
	at org.junit.runners.ParentRunner.run(ParentRunner.java:309)&#13;
	at io.cucumber.junit.Cucumber.runChild(Cucumber.java:199)&#13;
	at io.cucumber.junit.Cucumber.runChild(Cucumber.java:90)&#13;
	at org.junit.runners.ParentRunner$3.run(ParentRunner.java:238)&#13;
	at org.junit.runners.ParentRunner$1.schedule(ParentRunner.java:63)&#13;
	at org.junit.runners.ParentRunner.runChildren(ParentRunner.java:236)&#13;
	at org.junit.runners.ParentRunner.access$000(ParentRunner.java:53)&#13;
	at org.junit.runners.ParentRunner$2.evaluate(ParentRunner.java:229)&#13;
	at io.cucumber.junit.Cucumber$RunCucumber.evaluate(Cucumber.java:234)&#13;
	at org.junit.runners.ParentRunner.run(ParentRunner.java:309)&#13;
	at org.eclipse.jdt.internal.junit4.runner.JUnit4TestReference.run(JUnit4TestReference.java:89)&#13;
	at org.eclipse.jdt.internal.junit.runner.TestExecution.run(TestExecution.java:41)&#13;
	at org.eclipse.jdt.internal.junit.runner.RemoteTestRunner.runTests(RemoteTestRunner.java:542)&#13;
	at org.eclipse.jdt.internal.junit.runner.RemoteTestRunner.runTests(RemoteTestRunner.java:770)&#13;
	at org.eclipse.jdt.internal.junit.runner.RemoteTestRunner.run(RemoteTestRunner.java:464)&#13;
	at org.eclipse.jdt.internal.junit.runner.RemoteTestRunner.main(RemoteTestRunner.java:210)&#13;
Caused by: org.openqa.selenium.NoSuchElementException: no such element: Unable to locate element: {"method":"css selector","selector":"[title='Casual Dresses'][style='']"}
  (Session info: chrome=85.0.4183.102)
For documentation on this error, please visit: https://www.seleniumhq.org/exceptions/no_such_element.html
Build info: version: '3.141.59', revision: 'e82be7d358', time: '2018-11-14T08:17:03'
System info: host: 'SFL001341', ip: '192.168.0.139', os.name: 'Windows 10', os.arch: 'amd64', os.version: '10.0', java.version: '14.0.2'
Driver info: org.openqa.selenium.chrome.ChromeDriver
Capabilities {acceptInsecureCerts: false, browserName: chrome, browserVersion: 85.0.4183.102, chrome: {chromedriverVersion: 85.0.4183.87 (cd6713ebf92fa..., userDataDir: C:\Users\P_SMAN~1\AppData\L...}, goog:chromeOptions: {debuggerAddress: localhost:49652}, javascriptEnabled: true, networkConnectionEnabled: false, pageLoadStrategy: normal, platform: WINDOWS, platformName: WINDOWS, proxy: Proxy(), setWindowRect: true, strictFileInteractability: false, timeouts: {implicit: 0, pageLoad: 300000, script: 30000}, unhandledPromptBehavior: dismiss and notify, webauthn:virtualAuthenticators: true}
Session ID: fe98f282a0735316117359c9f47c951f
*** Element info: {Using=css selector, value=[title='Casual Dresses'][style='']}&#13;
	at java.base/jdk.internal.reflect.NativeConstructorAccessorImpl.newInstance0(Native Method)&#13;
	at java.base/jdk.internal.reflect.NativeConstructorAccessorImpl.newInstance(NativeConstructorAccessorImpl.java:62)&#13;
	at java.base/jdk.internal.reflect.DelegatingConstructorAccessorImpl.newInstance(DelegatingConstructorAccessorImpl.java:45)&#13;
	at java.base/java.lang.reflect.Constructor.newInstanceWithCaller(Constructor.java:500)&#13;
	at java.base/java.lang.reflect.Constructor.newInstance(Constructor.java:481)&#13;
	at org.openqa.selenium.remote.http.W3CHttpResponseCodec.createException(W3CHttpResponseCodec.java:187)&#13;
	at org.openqa.selenium.remote.http.W3CHttpResponseCodec.decode(W3CHttpResponseCodec.java:122)&#13;
	at org.openqa.selenium.remote.http.W3CHttpResponseCodec.decode(W3CHttpResponseCodec.java:49)&#13;
	at org.openqa.selenium.remote.HttpCommandExecutor.execute(HttpCommandExecutor.java:158)&#13;
	at org.openqa.selenium.remote.service.DriverCommandExecutor.execute(DriverCommandExecutor.java:83)&#13;
	at org.openqa.selenium.remote.RemoteWebDriver.execute(RemoteWebDriver.java:552)&#13;
	at org.openqa.selenium.remote.RemoteWebDriver.findElement(RemoteWebDriver.java:323)&#13;
	at org.openqa.selenium.remote.RemoteWebDriver.findElementByCssSelector(RemoteWebDriver.java:420)&#13;
	at org.openqa.selenium.By$ByCssSelector.findElement(By.java:431)&#13;
	at org.openqa.selenium.remote.RemoteWebDriver.findElement(RemoteWebDriver.java:315)&#13;
	at org.openqa.selenium.support.pagefactory.DefaultElementLocator.findElement(DefaultElementLocator.java:69)&#13;
	at org.openqa.selenium.support.pagefactory.internal.LocatingElementHandler.invoke(LocatingElementHandler.java:38)&#13;
	at com.sun.proxy.$Proxy18.getWrappedElement(Unknown Source)&#13;
	at org.openqa.selenium.interactions.PointerInput$Origin.asArg(PointerInput.java:204)&#13;
	at org.openqa.selenium.interactions.PointerInput$Move.encode(PointerInput.java:155)&#13;
	at org.openqa.selenium.interactions.Sequence.encode(Sequence.java:75)&#13;
	at org.openqa.selenium.interactions.Sequence.toJson(Sequence.java:84)&#13;
	... 65 more&#13;
&#13;
</error>
        </testcase>
        <testcase name="add to cart a &quot;Adam&quot; casual dres" classname="Create an acount and buy something using test file" time="0.001">
          <skipped>io.cucumber.junit.SkippedThrowable: This step is skipped&#13;
&#13;
</skipped>
        </testcase>
        <testcase name="enter the blouses category" classname="Create an acount and buy something using test file" time="0.001">
          <skipped>io.cucumber.junit.SkippedThrowable: This step is skipped&#13;
&#13;
</skipped>
        </testcase>
        <testcase name="add to cart a &quot;Adam&quot; blouse" classname="Create an acount and buy something using test file" time="0.0">
          <skipped>io.cucumber.junit.SkippedThrowable: This step is skipped&#13;
&#13;
</skipped>
        </testcase>
      </testsuite>
    </testsuite>
  </testsuite>
</testrun>
