<?xml version="1.0" encoding="UTF-8"?><testrun name="TestRunner" project="TA_Training" tests="11" started="11" failures="0" errors="2" ignored="0">
  <testsuite name="runners.TestRunner" time="22.239">
    <testsuite name="SOFLAB TA Framework training" time="22.239">
      <testsuite name="Create an acount and buy something using test file" time="22.239" incomplete="true">
        <error>org.openqa.selenium.NoSuchFrameException: no such frame
  (Session info: chrome=85.0.4183.102)
Build info: version: '3.141.59', revision: 'e82be7d358', time: '2018-11-14T08:17:03'
System info: host: 'SFL001341', ip: '192.168.0.139', os.name: 'Windows 10', os.arch: 'amd64', os.version: '10.0', java.version: '14.0.2'
Driver info: org.openqa.selenium.chrome.ChromeDriver
Capabilities {acceptInsecureCerts: false, browserName: chrome, browserVersion: 85.0.4183.102, chrome: {chromedriverVersion: 85.0.4183.87 (cd6713ebf92fa..., userDataDir: C:\Users\P_SMAN~1\AppData\L...}, goog:chromeOptions: {debuggerAddress: localhost:49574}, javascriptEnabled: true, networkConnectionEnabled: false, pageLoadStrategy: normal, platform: WINDOWS, platformName: WINDOWS, proxy: Proxy(), setWindowRect: true, strictFileInteractability: false, timeouts: {implicit: 0, pageLoad: 300000, script: 30000}, unhandledPromptBehavior: dismiss and notify, webauthn:virtualAuthenticators: true}
Session ID: 76fdcdfc79c1641b751154432e4559ad&#13;
	at java.base/jdk.internal.reflect.NativeConstructorAccessorImpl.newInstance0(Native Method)&#13;
	at java.base/jdk.internal.reflect.NativeConstructorAccessorImpl.newInstance(NativeConstructorAccessorImpl.java:62)&#13;
	at java.base/jdk.internal.reflect.DelegatingConstructorAccessorImpl.newInstance(DelegatingConstructorAccessorImpl.java:45)&#13;
	at java.base/java.lang.reflect.Constructor.newInstanceWithCaller(Constructor.java:500)&#13;
	at java.base/java.lang.reflect.Constructor.newInstance(Constructor.java:481)&#13;
	at org.openqa.selenium.remote.http.W3CHttpResponseCodec.createException(W3CHttpResponseCodec.java:187)&#13;
	at org.openqa.selenium.remote.http.W3CHttpResponseCodec.decode(W3CHttpResponseCodec.java:122)&#13;
	at org.openqa.selenium.remote.http.W3CHttpResponseCodec.decode(W3CHttpResponseCodec.java:49)&#13;
	at org.openqa.selenium.remote.HttpCommandExecutor.execute(HttpCommandExecutor.java:158)&#13;
	at org.openqa.selenium.remote.service.DriverCommandExecutor.execute(DriverCommandExecutor.java:83)&#13;
	at org.openqa.selenium.remote.RemoteWebDriver.execute(RemoteWebDriver.java:552)&#13;
	at org.openqa.selenium.remote.RemoteWebDriver$RemoteTargetLocator.frame(RemoteWebDriver.java:872)&#13;
	at pageObject.CategoriesPages.click_AddToCart(CategoriesPages.java:50)&#13;
	at stepDefinitions.CategoriesSteps.add_to_cart_a_t_shirt(CategoriesSteps.java:23)&#13;
	at ✽.add to cart a "Adam" t-shirt(file:///C:/Users/p_smandzich/Desktop/Cucumber/TA_Training/src/test/resources/funcionalTests/training.feature:81)&#13;
&#13;
</error>
        <testcase name="user is on Home Page" classname="Create an acount and buy something using test file" time="4.26"/>
        <testcase name="enter Sign in" classname="Create an acount and buy something using test file" time="1.342"/>
        <testcase name="enter email to create an account" classname="Create an acount and buy something using test file" time="0.554"/>
        <testcase name="click Create an account" classname="Create an acount and buy something using test file" time="0.098"/>
        <testcase name="enter &quot;Adam&quot; to create a account" classname="Create an acount and buy something using test file" time="3.398"/>
        <testcase name="enter the t-shirt category" classname="Create an acount and buy something using test file" time="2.051"/>
        <testcase name="add to cart a &quot;Adam&quot; t-shirt" classname="Create an acount and buy something using test file" time="10.532">
          <error>org.openqa.selenium.NoSuchFrameException: no such frame
  (Session info: chrome=85.0.4183.102)
Build info: version: '3.141.59', revision: 'e82be7d358', time: '2018-11-14T08:17:03'
System info: host: 'SFL001341', ip: '192.168.0.139', os.name: 'Windows 10', os.arch: 'amd64', os.version: '10.0', java.version: '14.0.2'
Driver info: org.openqa.selenium.chrome.ChromeDriver
Capabilities {acceptInsecureCerts: false, browserName: chrome, browserVersion: 85.0.4183.102, chrome: {chromedriverVersion: 85.0.4183.87 (cd6713ebf92fa..., userDataDir: C:\Users\P_SMAN~1\AppData\L...}, goog:chromeOptions: {debuggerAddress: localhost:49574}, javascriptEnabled: true, networkConnectionEnabled: false, pageLoadStrategy: normal, platform: WINDOWS, platformName: WINDOWS, proxy: Proxy(), setWindowRect: true, strictFileInteractability: false, timeouts: {implicit: 0, pageLoad: 300000, script: 30000}, unhandledPromptBehavior: dismiss and notify, webauthn:virtualAuthenticators: true}
Session ID: 76fdcdfc79c1641b751154432e4559ad&#13;
	at java.base/jdk.internal.reflect.NativeConstructorAccessorImpl.newInstance0(Native Method)&#13;
	at java.base/jdk.internal.reflect.NativeConstructorAccessorImpl.newInstance(NativeConstructorAccessorImpl.java:62)&#13;
	at java.base/jdk.internal.reflect.DelegatingConstructorAccessorImpl.newInstance(DelegatingConstructorAccessorImpl.java:45)&#13;
	at java.base/java.lang.reflect.Constructor.newInstanceWithCaller(Constructor.java:500)&#13;
	at java.base/java.lang.reflect.Constructor.newInstance(Constructor.java:481)&#13;
	at org.openqa.selenium.remote.http.W3CHttpResponseCodec.createException(W3CHttpResponseCodec.java:187)&#13;
	at org.openqa.selenium.remote.http.W3CHttpResponseCodec.decode(W3CHttpResponseCodec.java:122)&#13;
	at org.openqa.selenium.remote.http.W3CHttpResponseCodec.decode(W3CHttpResponseCodec.java:49)&#13;
	at org.openqa.selenium.remote.HttpCommandExecutor.execute(HttpCommandExecutor.java:158)&#13;
	at org.openqa.selenium.remote.service.DriverCommandExecutor.execute(DriverCommandExecutor.java:83)&#13;
	at org.openqa.selenium.remote.RemoteWebDriver.execute(RemoteWebDriver.java:552)&#13;
	at org.openqa.selenium.remote.RemoteWebDriver$RemoteTargetLocator.frame(RemoteWebDriver.java:872)&#13;
	at pageObject.CategoriesPages.click_AddToCart(CategoriesPages.java:50)&#13;
	at stepDefinitions.CategoriesSteps.add_to_cart_a_t_shirt(CategoriesSteps.java:23)&#13;
	at ✽.add to cart a "Adam" t-shirt(file:///C:/Users/p_smandzich/Desktop/Cucumber/TA_Training/src/test/resources/funcionalTests/training.feature:81)&#13;
&#13;
</error>
        </testcase>
        <testcase name="enter the casual dresses category" classname="Create an acount and buy something using test file" time="0.001">
          <skipped>io.cucumber.junit.SkippedThrowable: This step is skipped&#13;
&#13;
</skipped>
        </testcase>
        <testcase name="add to cart a &quot;Adam&quot; casual dres" classname="Create an acount and buy something using test file" time="0.0">
          <skipped>io.cucumber.junit.SkippedThrowable: This step is skipped&#13;
&#13;
</skipped>
        </testcase>
        <testcase name="enter the blouses category" classname="Create an acount and buy something using test file" time="0.0">
          <skipped>io.cucumber.junit.SkippedThrowable: This step is skipped&#13;
&#13;
</skipped>
        </testcase>
        <testcase name="add to cart a &quot;Adam&quot; blouse" classname="Create an acount and buy something using test file" time="0.0">
          <skipped>io.cucumber.junit.SkippedThrowable: This step is skipped&#13;
&#13;
</skipped>
        </testcase>
      </testsuite>
    </testsuite>
  </testsuite>
</testrun>
