<?xml version="1.0" encoding="UTF-8"?><testrun name="TestRunner" project="TA_Training" tests="66" started="14" failures="0" errors="1" ignored="0">
  <testsuite name="runners.TestRunner" incomplete="true">
    <testsuite name="SOFLAB TA Framework training" incomplete="true">
      <testsuite name="Social media icons displayed" time="6.763">
        <testcase name="user is on Home Page" classname="Social media icons displayed" time="5.618"/>
        <testcase name="scroll to the footer" classname="Social media icons displayed" time="0.032"/>
        <testcase name="Facebook icon is displayed" classname="Social media icons displayed" time="0.101"/>
        <testcase name="Twitter icon is displayed" classname="Social media icons displayed" time="0.077"/>
        <testcase name="Google icon is displayed" classname="Social media icons displayed" time="0.034"/>
        <testcase name="Youtube icon is displayed" classname="Social media icons displayed" time="0.901"/>
      </testsuite>
      <testsuite name="Google search and subcategories availability" time="5.625">
        <testcase name="user is on Google search page" classname="Google search and subcategories availability" time="2.062"/>
        <testcase name="accept cookies" classname="Google search and subcategories availability" time="1.12"/>
        <testcase name="search for &quot;automationpractice&quot;" classname="Google search and subcategories availability" time="0.815"/>
        <testcase name="automationpractice website found" classname="Google search and subcategories availability" time="0.066"/>
        <testcase name="enter the automationpractice website" classname="Google search and subcategories availability" time="1.297"/>
        <testcase name="enter the Women category" classname="Google search and subcategories availability" time="0.264">
          <error>org.openqa.selenium.NoSuchElementException: Cannot locate an element using css selector=[href='http://automationpractice.com/index.php?id_category=3&amp;controller=category'][title='Women']
For documentation on this error, please visit: https://www.seleniumhq.org/exceptions/no_such_element.html
Build info: version: '3.141.59', revision: 'e82be7d358', time: '2018-11-14T08:17:03'
System info: host: 'SFL001341', ip: '192.168.0.139', os.name: 'Windows 10', os.arch: 'amd64', os.version: '10.0', java.version: '14.0.2'
Driver info: driver.version: RemoteWebDriver&#13;
	at org.openqa.selenium.remote.RemoteWebDriver.findElement(RemoteWebDriver.java:327)&#13;
	at org.openqa.selenium.remote.RemoteWebDriver.findElementByCssSelector(RemoteWebDriver.java:420)&#13;
	at org.openqa.selenium.By$ByCssSelector.findElement(By.java:431)&#13;
	at org.openqa.selenium.remote.RemoteWebDriver.findElement(RemoteWebDriver.java:315)&#13;
	at org.openqa.selenium.support.pagefactory.DefaultElementLocator.findElement(DefaultElementLocator.java:69)&#13;
	at org.openqa.selenium.support.pagefactory.internal.LocatingElementHandler.invoke(LocatingElementHandler.java:38)&#13;
	at com.sun.proxy.$Proxy18.click(Unknown Source)&#13;
	at pageObject.HomePage.click_Women(HomePage.java:109)&#13;
	at stepDefinitions.HomeSteps.enter_the_women_category(HomeSteps.java:58)&#13;
	at âœ½.enter the Women category(file:///C:/Users/p_smandzich/Desktop/Cucumber/TA_Training/src/test/resources/funcionalTests/training.feature:19)&#13;
&#13;
</error>
        </testcase>
        <testcase name="TOPS subcategory is available" classname="Google search and subcategories availability" time="0.0">
          <skipped>io.cucumber.junit.SkippedThrowable: This step is skipped&#13;
&#13;
</skipped>
        </testcase>
        <testcase name="DRESSES subcategory is available" classname="Google search and subcategories availability" time="0.0">
          <skipped>io.cucumber.junit.SkippedThrowable: This step is skipped&#13;
&#13;
</skipped>
        </testcase>
      </testsuite>
      <testsuite name="Item price and total price correct" incomplete="true">
        <testcase name="user is on Home Page" classname="Item price and total price correct" incomplete="true"/>
        <testcase name="add to cart Blouse item" classname="Item price and total price correct" incomplete="true"/>
        <testcase name="the item price prive should be &quot;$27.00&quot;" classname="Item price and total price correct" incomplete="true"/>
        <testcase name="the total price prive should be &quot;$29.00&quot;" classname="Item price and total price correct" incomplete="true"/>
      </testsuite>
      <testsuite name="Verify + and - buttons #1" incomplete="true">
        <testcase name="user is on Home Page" classname="Verify + and - buttons #1" incomplete="true"/>
        <testcase name="add to cart Blouse item" classname="Verify + and - buttons #1" incomplete="true"/>
        <testcase name="proceed to checkout" classname="Verify + and - buttons #1" incomplete="true"/>
        <testcase name="click the plus button 1 times" classname="Verify + and - buttons #1" incomplete="true"/>
        <testcase name="lick the minus button 1 times" classname="Verify + and - buttons #1" incomplete="true"/>
        <testcase name="the total price is &quot;$27.00&quot;" classname="Verify + and - buttons #1" incomplete="true"/>
      </testsuite>
      <testsuite name="Verify + and - buttons #2" incomplete="true">
        <testcase name="user is on Home Page" classname="Verify + and - buttons #2" incomplete="true"/>
        <testcase name="add to cart Blouse item" classname="Verify + and - buttons #2" incomplete="true"/>
        <testcase name="proceed to checkout" classname="Verify + and - buttons #2" incomplete="true"/>
        <testcase name="click the plus button 2 times" classname="Verify + and - buttons #2" incomplete="true"/>
        <testcase name="lick the minus button 1 times" classname="Verify + and - buttons #2" incomplete="true"/>
        <testcase name="the total price is &quot;$54.00&quot;" classname="Verify + and - buttons #2" incomplete="true"/>
      </testsuite>
      <testsuite name="Send a message via Contact us" incomplete="true">
        <testcase name="user is on Home Page" classname="Send a message via Contact us" incomplete="true"/>
        <testcase name="enter Contact us Page" classname="Send a message via Contact us" incomplete="true"/>
        <testcase name="select &quot;Customer service&quot; from Subject Heading" classname="Send a message via Contact us" incomplete="true"/>
        <testcase name="enter &quot;test@op.pl&quot; Email address" classname="Send a message via Contact us" incomplete="true"/>
        <testcase name="enter &quot;test&quot; Order reference" classname="Send a message via Contact us" incomplete="true"/>
        <testcase name="Attach a file" classname="Send a message via Contact us" incomplete="true"/>
        <testcase name="enter &quot;test&quot; message" classname="Send a message via Contact us" incomplete="true"/>
        <testcase name="click Send" classname="Send a message via Contact us" incomplete="true"/>
        <testcase name="the confirmation message is displayed" classname="Send a message via Contact us" incomplete="true"/>
      </testsuite>
      <testsuite name="Bestsellers names and prices" incomplete="true">
        <testcase name="user is on Home Page" classname="Bestsellers names and prices" incomplete="true"/>
        <testcase name="open bestsellers section" classname="Bestsellers names and prices" incomplete="true"/>
        <testcase name="log names and prices to console" classname="Bestsellers names and prices" incomplete="true"/>
        <testcase name="log names and prices to file" classname="Bestsellers names and prices" incomplete="true"/>
        <testcase name="capture a screenshot of displayed products" classname="Bestsellers names and prices" incomplete="true"/>
      </testsuite>
      <testsuite name="Create an account and log in" incomplete="true">
        <testcase name="user is on Home Page" classname="Create an account and log in" incomplete="true"/>
        <testcase name="enter Sign in" classname="Create an account and log in" incomplete="true"/>
        <testcase name="enter email to create an account" classname="Create an account and log in" incomplete="true"/>
        <testcase name="click Create an account" classname="Create an account and log in" incomplete="true"/>
        <testcase name="enter informations to create a account" classname="Create an account and log in" incomplete="true"/>
        <testcase name="click register" classname="Create an account and log in" incomplete="true"/>
        <testcase name="the sign in confirmation message is displayed" classname="Create an account and log in" incomplete="true"/>
        <testcase name="click logout" classname="Create an account and log in" incomplete="true"/>
        <testcase name="sign in with new accout details" classname="Create an account and log in" incomplete="true"/>
        <testcase name="the sign in confirmation message is displayed" classname="Create an account and log in" incomplete="true"/>
      </testsuite>
      <testsuite name="Create an acount and buy something using test file" incomplete="true">
        <testcase name="user is on Home Page" classname="Create an acount and buy something using test file" incomplete="true"/>
        <testcase name="enter Sign in" classname="Create an acount and buy something using test file" incomplete="true"/>
        <testcase name="enter email to create an account" classname="Create an acount and buy something using test file" incomplete="true"/>
        <testcase name="click Create an account" classname="Create an acount and buy something using test file" incomplete="true"/>
        <testcase name="enter &quot;Adam&quot; to create a account" classname="Create an acount and buy something using test file" incomplete="true"/>
      </testsuite>
      <testsuite name="Capture all different ID #1" incomplete="true">
        <testcase name="user is on Home Page" classname="Capture all different ID #1" incomplete="true"/>
        <testcase name="capture all diffrent IDs" classname="Capture all different ID #1" incomplete="true"/>
        <testcase name="save the IDs to a file" classname="Capture all different ID #1" incomplete="true"/>
      </testsuite>
      <testsuite name="Capture all different ID #2" incomplete="true">
        <testcase name="user is on Home Page" classname="Capture all different ID #2" incomplete="true"/>
        <testcase name="enter the Blouse Quick viev" classname="Capture all different ID #2" incomplete="true"/>
        <testcase name="download thumbs images" classname="Capture all different ID #2" incomplete="true"/>
        <testcase name="log the number of download images" classname="Capture all different ID #2" incomplete="true"/>
      </testsuite>
    </testsuite>
  </testsuite>
</testrun>
